0 info it worked if it ends with ok
1 verbose cli [ '/usr/local/bin/node',
1 verbose cli   '/usr/local/bin/npm',
1 verbose cli   'install',
1 verbose cli   'btford.socket-io' ]
2 info using npm@2.11.3
3 info using node@v0.12.7
4 verbose install initial load of /home/jrodrigomg/cursos/sopes1/proyecto1/nodejsserver/package.json
5 warn package.json nodejsserver@1.0.0 No description
6 verbose installManyTop reading scoped package data from /home/jrodrigomg/cursos/sopes1/proyecto1/nodejsserver/node_modules/ejs/package.json
7 verbose installManyTop reading scoped package data from /home/jrodrigomg/cursos/sopes1/proyecto1/nodejsserver/node_modules/express/package.json
8 verbose installManyTop reading scoped package data from /home/jrodrigomg/cursos/sopes1/proyecto1/nodejsserver/node_modules/mongodb/package.json
9 verbose installManyTop reading scoped package data from /home/jrodrigomg/cursos/sopes1/proyecto1/nodejsserver/node_modules/mongojs/package.json
10 verbose installManyTop reading scoped package data from /home/jrodrigomg/cursos/sopes1/proyecto1/nodejsserver/node_modules/socket.io/package.json
11 info package.json socket.io@1.3.7 No license field.
12 verbose readDependencies loading dependencies from /home/jrodrigomg/cursos/sopes1/proyecto1/nodejsserver/package.json
13 silly cache add args [ 'btford.socket-io', null ]
14 verbose cache add spec btford.socket-io
15 silly cache add parsed spec { raw: 'btford.socket-io',
15 silly cache add   scope: null,
15 silly cache add   name: 'btford.socket-io',
15 silly cache add   rawSpec: '',
15 silly cache add   spec: '*',
15 silly cache add   type: 'range' }
16 silly addNamed btford.socket-io@*
17 verbose addNamed "*" is a valid semver range for btford.socket-io
18 silly addNameRange { name: 'btford.socket-io', range: '*', hasData: false }
19 silly mapToRegistry name btford.socket-io
20 silly mapToRegistry using default registry
21 silly mapToRegistry registry https://registry.npmjs.org/
22 silly mapToRegistry uri https://registry.npmjs.org/btford.socket-io
23 verbose addNameRange registry:https://registry.npmjs.org/btford.socket-io not in flight; fetching
24 verbose request uri https://registry.npmjs.org/btford.socket-io
25 verbose request no auth needed
26 info attempt registry request try #1 at 22:56:27
27 verbose request id df728789779b95c9
28 http request GET https://registry.npmjs.org/btford.socket-io
29 http 404 https://registry.npmjs.org/btford.socket-io
30 verbose headers { 'content-type': 'application/json',
30 verbose headers   'cache-control': 'max-age=0',
30 verbose headers   'content-length': '2',
30 verbose headers   'accept-ranges': 'bytes',
30 verbose headers   date: 'Mon, 21 Dec 2015 04:56:28 GMT',
30 verbose headers   via: '1.1 varnish',
30 verbose headers   age: '0',
30 verbose headers   connection: 'keep-alive',
30 verbose headers   'x-served-by': 'cache-jfk1024-JFK',
30 verbose headers   'x-cache': 'MISS',
30 verbose headers   'x-cache-hits': '0',
30 verbose headers   'x-timer': 'S1450673788.168719,VS0,VE339' }
31 silly get cb [ 404,
31 silly get   { 'content-type': 'application/json',
31 silly get     'cache-control': 'max-age=0',
31 silly get     'content-length': '2',
31 silly get     'accept-ranges': 'bytes',
31 silly get     date: 'Mon, 21 Dec 2015 04:56:28 GMT',
31 silly get     via: '1.1 varnish',
31 silly get     age: '0',
31 silly get     connection: 'keep-alive',
31 silly get     'x-served-by': 'cache-jfk1024-JFK',
31 silly get     'x-cache': 'MISS',
31 silly get     'x-cache-hits': '0',
31 silly get     'x-timer': 'S1450673788.168719,VS0,VE339' } ]
32 verbose stack Error: Registry returned 404 for GET on https://registry.npmjs.org/btford.socket-io
32 verbose stack     at CachingRegistryClient.<anonymous> (/usr/local/lib/node_modules/npm/node_modules/npm-registry-client/lib/request.js:239:14)
32 verbose stack     at Request._callback (/usr/local/lib/node_modules/npm/node_modules/npm-registry-client/lib/request.js:170:14)
32 verbose stack     at Request.self.callback (/usr/local/lib/node_modules/npm/node_modules/request/request.js:354:22)
32 verbose stack     at Request.emit (events.js:110:17)
32 verbose stack     at Request.<anonymous> (/usr/local/lib/node_modules/npm/node_modules/request/request.js:1207:14)
32 verbose stack     at Request.emit (events.js:129:20)
32 verbose stack     at IncomingMessage.<anonymous> (/usr/local/lib/node_modules/npm/node_modules/request/request.js:1153:12)
32 verbose stack     at IncomingMessage.emit (events.js:129:20)
32 verbose stack     at _stream_readable.js:908:16
32 verbose stack     at process._tickCallback (node.js:355:11)
33 verbose statusCode 404
34 verbose pkgid btford.socket-io
35 verbose cwd /home/jrodrigomg/cursos/sopes1/proyecto1/nodejsserver/public
36 error Linux 3.13.0-37-generic
37 error argv "/usr/local/bin/node" "/usr/local/bin/npm" "install" "btford.socket-io"
38 error node v0.12.7
39 error npm  v2.11.3
40 error code E404
41 error 404 Registry returned 404 for GET on https://registry.npmjs.org/btford.socket-io
41 error 404
41 error 404 'btford.socket-io' is not in the npm registry.
41 error 404 You should bug the author to publish it (or use the name yourself!)
41 error 404 It was specified as a dependency of 'nodejsserver'
41 error 404
41 error 404 Note that you can also install from a
41 error 404 tarball, folder, http url, or git url.
42 verbose exit [ 1, true ]
